2026-03-23 05:30:35,062 - main - INFO - === Logging system initialized ===
2026-03-23 05:30:35,062 - main - INFO - Log file: logs/app_20260323_053035.log
2026-03-23 05:30:35,063 - main - INFO - Log level: INFO
2026-03-23 05:30:35,063 - main - INFO - Timestamp: 20260323_053035
2026-03-23 05:30:35,742 - main - INFO - Included router: routers.aihub.router
2026-03-23 05:30:35,765 - main - INFO - Included router: routers.auth.router
2026-03-23 05:30:35,845 - main - INFO - Included router: routers.dossiers.router
2026-03-23 05:30:35,847 - main - INFO - Included router: routers.health.router
2026-03-23 05:30:35,878 - main - INFO - Included router: routers.payments.router
2026-03-23 05:30:35,891 - main - INFO - Included router: routers.prompt.router
2026-03-23 05:30:36,005 - main - INFO - Included router: routers.settings.router
2026-03-23 05:30:36,064 - main - INFO - Included router: routers.storage.router
2026-03-23 05:30:36,073 - main - INFO - Included router: routers.user.router
2026-03-23 05:30:36,075 - main - INFO - === Application startup initiated ===
2026-03-23 05:30:36,075 - services.database - INFO - Ignore creating tables
2026-03-23 05:30:36,075 - services.mock_data - INFO - Ignore initialize data
2026-03-23 05:30:36,075 - services.auth - INFO - Ignore initialize admin
2026-03-23 05:30:36,075 - main - INFO - === Application startup completed successfully ===
2026-03-23 05:30:39,632 - core.config - DEBUG - Read dynamic attribute jwt_secret_key from environment variable JWT_SECRET_KEY
2026-03-23 05:30:39,632 - core.config - DEBUG - Read dynamic attribute jwt_algorithm from environment variable JWT_ALGORITHM
2026-03-23 05:30:39,642 - core.auth - DEBUG - Authentication token validated for user hash: a1f407af
2026-03-23 05:30:54,316 - core.auth - DEBUG - Authentication token validated for user hash: a1f407af
2026-03-23 05:39:08,374 - core.auth - DEBUG - Authentication token validated for user hash: a1f407af
2026-03-23 05:49:15,737 - services.database - DEBUG - [DB_OP] Starting database close
2026-03-23 05:49:15,737 - services.database - INFO - Database connections closed
2026-03-23 05:49:15,737 - services.database - DEBUG - [DB_OP] Database close completed in 0.0004s
