2026-03-23 06:44:40,463 - main - INFO - === Logging system initialized ===
2026-03-23 06:44:40,463 - main - INFO - Log file: logs/app_20260323_064440.log
2026-03-23 06:44:40,463 - main - INFO - Log level: INFO
2026-03-23 06:44:40,463 - main - INFO - Timestamp: 20260323_064440
2026-03-23 06:44:41,455 - main - INFO - Included router: routers.aihub.router
2026-03-23 06:44:41,476 - main - INFO - Included router: routers.auth.router
2026-03-23 06:44:41,560 - main - INFO - Included router: routers.dossiers.router
2026-03-23 06:44:41,563 - main - INFO - Included router: routers.health.router
2026-03-23 06:44:41,610 - main - INFO - Included router: routers.payments.router
2026-03-23 06:44:41,623 - main - INFO - Included router: routers.prompt.router
2026-03-23 06:44:41,723 - main - INFO - Included router: routers.settings.router
2026-03-23 06:44:41,760 - main - INFO - Included router: routers.storage.router
2026-03-23 06:44:41,770 - main - INFO - Included router: routers.user.router
2026-03-23 06:44:41,772 - main - INFO - === Application startup initiated ===
2026-03-23 06:44:41,773 - services.database - INFO - Ignore creating tables
2026-03-23 06:44:41,773 - services.mock_data - INFO - Ignore initialize data
2026-03-23 06:44:41,773 - services.auth - INFO - Ignore initialize admin
2026-03-23 06:44:41,773 - main - INFO - === Application startup completed successfully ===
2026-03-23 06:44:45,039 - core.config - DEBUG - Read dynamic attribute jwt_secret_key from environment variable JWT_SECRET_KEY
2026-03-23 06:44:45,039 - core.config - DEBUG - Read dynamic attribute jwt_algorithm from environment variable JWT_ALGORITHM
2026-03-23 06:44:45,056 - core.auth - DEBUG - Authentication token validated for user hash: a1f407af
2026-03-23 06:49:20,125 - core.auth - DEBUG - Authentication token validated for user hash: a1f407af
2026-03-23 06:57:28,230 - dependencies.auth - DEBUG - Authentication required for request GET /api/v1/auth/me
2026-03-23 06:57:34,417 - core.auth - DEBUG - Authentication token validated for user hash: a1f407af
2026-03-23 06:58:16,049 - services.database - DEBUG - [DB_OP] Starting database close
2026-03-23 06:58:16,050 - services.database - INFO - Database connections closed
2026-03-23 06:58:16,050 - services.database - DEBUG - [DB_OP] Database close completed in 0.0012s
