2026-03-20 07:04:17,886 - main - INFO - === Logging system initialized ===
2026-03-20 07:04:17,886 - main - INFO - Log file: logs/app_20260320_070417.log
2026-03-20 07:04:17,888 - main - INFO - Log level: INFO
2026-03-20 07:04:17,888 - main - INFO - Timestamp: 20260320_070417
2026-03-20 07:04:18,793 - main - INFO - Included router: routers.aihub.router
2026-03-20 07:04:18,818 - main - INFO - Included router: routers.auth.router
2026-03-20 07:04:18,926 - main - INFO - Included router: routers.dossiers.router
2026-03-20 07:04:18,932 - main - INFO - Included router: routers.health.router
2026-03-20 07:04:18,976 - main - INFO - Included router: routers.payments.router
2026-03-20 07:04:18,993 - main - INFO - Included router: routers.prompt.router
2026-03-20 07:04:19,102 - main - INFO - Included router: routers.settings.router
2026-03-20 07:04:19,149 - main - INFO - Included router: routers.storage.router
2026-03-20 07:04:19,163 - main - INFO - Included router: routers.user.router
2026-03-20 07:04:19,164 - main - INFO - === Application startup initiated ===
2026-03-20 07:04:19,165 - services.database - INFO - Ignore creating tables
2026-03-20 07:04:19,165 - services.mock_data - INFO - Ignore initialize data
2026-03-20 07:04:19,166 - services.auth - INFO - Ignore initialize admin
2026-03-20 07:04:19,166 - main - INFO - === Application startup completed successfully ===
2026-03-20 07:04:22,811 - core.config - DEBUG - Read dynamic attribute jwt_secret_key from environment variable JWT_SECRET_KEY
2026-03-20 07:04:22,811 - core.config - DEBUG - Read dynamic attribute jwt_algorithm from environment variable JWT_ALGORITHM
2026-03-20 07:04:22,824 - core.auth - DEBUG - Authentication token validated for user hash: a1f407af
2026-03-20 07:05:33,968 - core.auth - DEBUG - Authentication token validated for user hash: a1f407af
2026-03-20 07:07:31,607 - core.auth - DEBUG - Authentication token validated for user hash: a1f407af
2026-03-20 07:08:28,168 - core.auth - DEBUG - Authentication token validated for user hash: a1f407af
2026-03-20 07:09:04,955 - core.auth - DEBUG - Authentication token validated for user hash: a1f407af
2026-03-20 07:09:12,779 - core.auth - DEBUG - Authentication token validated for user hash: a1f407af
2026-03-20 07:13:26,948 - core.auth - DEBUG - Authentication token validated for user hash: a1f407af
2026-03-20 07:18:24,724 - services.database - DEBUG - [DB_OP] Starting database close
2026-03-20 07:18:24,725 - services.database - INFO - Database connections closed
2026-03-20 07:18:24,725 - services.database - DEBUG - [DB_OP] Database close completed in 0.0008s
