2026-03-20 03:30:16,147 - main - INFO - === Logging system initialized ===
2026-03-20 03:30:16,147 - main - INFO - Log file: logs/app_20260320_033016.log
2026-03-20 03:30:16,148 - main - INFO - Log level: INFO
2026-03-20 03:30:16,148 - main - INFO - Timestamp: 20260320_033016
2026-03-20 03:30:16,999 - main - INFO - Included router: routers.aihub.router
2026-03-20 03:30:17,047 - main - INFO - Included router: routers.auth.router
2026-03-20 03:30:17,143 - main - INFO - Included router: routers.dossiers.router
2026-03-20 03:30:17,146 - main - INFO - Included router: routers.health.router
2026-03-20 03:30:17,179 - core.config - DEBUG - Read dynamic attribute stripe_secret_key from environment variable STRIPE_SECRET_KEY
2026-03-20 03:30:17,189 - main - INFO - Included router: routers.payments.router
2026-03-20 03:30:17,200 - main - INFO - Included router: routers.prompt.router
2026-03-20 03:30:17,339 - main - INFO - Included router: routers.settings.router
2026-03-20 03:30:17,400 - main - INFO - Included router: routers.storage.router
2026-03-20 03:30:17,412 - main - INFO - Included router: routers.user.router
2026-03-20 03:30:17,415 - main - INFO - === Application startup initiated ===
2026-03-20 03:30:17,415 - services.database - INFO - Ignore creating tables
2026-03-20 03:30:17,416 - services.mock_data - INFO - Ignore initialize data
2026-03-20 03:30:17,416 - services.auth - INFO - Ignore initialize admin
2026-03-20 03:30:17,416 - main - INFO - === Application startup completed successfully ===
2026-03-20 03:40:53,485 - services.database - DEBUG - [DB_OP] Starting database close
2026-03-20 03:40:53,486 - services.database - INFO - Database connections closed
2026-03-20 03:40:53,486 - services.database - DEBUG - [DB_OP] Database close completed in 0.0004s
