2026-03-20 06:12:02,178 - main - INFO - === Logging system initialized ===
2026-03-20 06:12:02,179 - main - INFO - Log file: logs/app_20260320_061202.log
2026-03-20 06:12:02,179 - main - INFO - Log level: INFO
2026-03-20 06:12:02,179 - main - INFO - Timestamp: 20260320_061202
2026-03-20 06:12:02,917 - main - INFO - Included router: routers.aihub.router
2026-03-20 06:12:02,935 - main - INFO - Included router: routers.auth.router
2026-03-20 06:12:03,016 - main - INFO - Included router: routers.dossiers.router
2026-03-20 06:12:03,034 - main - INFO - Included router: routers.health.router
2026-03-20 06:12:03,072 - main - INFO - Included router: routers.payments.router
2026-03-20 06:12:03,083 - main - INFO - Included router: routers.prompt.router
2026-03-20 06:12:03,177 - main - INFO - Included router: routers.settings.router
2026-03-20 06:12:03,216 - main - INFO - Included router: routers.storage.router
2026-03-20 06:12:03,225 - main - INFO - Included router: routers.user.router
2026-03-20 06:12:03,227 - main - INFO - === Application startup initiated ===
2026-03-20 06:12:03,227 - services.database - INFO - Ignore creating tables
2026-03-20 06:12:03,227 - services.mock_data - INFO - Ignore initialize data
2026-03-20 06:12:03,227 - services.auth - INFO - Ignore initialize admin
2026-03-20 06:12:03,227 - main - INFO - === Application startup completed successfully ===
2026-03-20 06:12:03,328 - services.database - DEBUG - [DB_OP] Starting database close
2026-03-20 06:12:03,328 - services.database - INFO - Database connections closed
2026-03-20 06:12:03,328 - services.database - DEBUG - [DB_OP] Database close completed in 0.0006s
