2026-03-23 12:00:23,577 - main - INFO - === Logging system initialized ===
2026-03-23 12:00:23,577 - main - INFO - Log file: logs/app_20260323_120023.log
2026-03-23 12:00:23,578 - main - INFO - Log level: INFO
2026-03-23 12:00:23,579 - main - INFO - Timestamp: 20260323_120023
2026-03-23 12:00:37,564 - main - INFO - Included router: routers.aihub.router
2026-03-23 12:00:37,670 - main - INFO - Included router: routers.auth.router
2026-03-23 12:00:37,845 - main - INFO - Included router: routers.dossiers.router
2026-03-23 12:00:37,851 - main - INFO - Included router: routers.health.router
2026-03-23 12:00:38,622 - main - INFO - Included router: routers.payments.router
2026-03-23 12:00:38,707 - main - INFO - Included router: routers.prompt.router
2026-03-23 12:00:38,852 - main - INFO - Included router: routers.settings.router
2026-03-23 12:00:38,966 - main - INFO - Included router: routers.storage.router
2026-03-23 12:00:39,255 - main - INFO - Included router: routers.user.router
2026-03-23 12:00:39,257 - main - INFO - === Application startup initiated ===
2026-03-23 12:00:39,257 - services.database - INFO - Ignore creating tables
2026-03-23 12:00:39,257 - services.mock_data - INFO - Ignore initialize data
2026-03-23 12:00:39,257 - services.auth - INFO - Ignore initialize admin
2026-03-23 12:00:39,257 - main - INFO - === Application startup completed successfully ===
2026-03-23 12:10:51,986 - services.database - DEBUG - [DB_OP] Starting database close
2026-03-23 12:10:51,987 - services.database - INFO - Database connections closed
2026-03-23 12:10:51,987 - services.database - DEBUG - [DB_OP] Database close completed in 0.0008s
