2026-03-23 03:52:03,827 - main - INFO - === Logging system initialized ===
2026-03-23 03:52:03,827 - main - INFO - Log file: logs/app_20260323_035203.log
2026-03-23 03:52:03,827 - main - INFO - Log level: INFO
2026-03-23 03:52:03,827 - main - INFO - Timestamp: 20260323_035203
2026-03-23 03:52:04,525 - main - INFO - Included router: routers.aihub.router
2026-03-23 03:52:04,542 - main - INFO - Included router: routers.auth.router
2026-03-23 03:52:04,622 - main - INFO - Included router: routers.dossiers.router
2026-03-23 03:52:04,624 - main - INFO - Included router: routers.health.router
2026-03-23 03:52:04,651 - main - INFO - Included router: routers.payments.router
2026-03-23 03:52:04,661 - main - INFO - Included router: routers.prompt.router
2026-03-23 03:52:04,807 - main - INFO - Included router: routers.settings.router
2026-03-23 03:52:04,842 - main - INFO - Included router: routers.storage.router
2026-03-23 03:52:04,851 - main - INFO - Included router: routers.user.router
2026-03-23 03:52:04,871 - main - INFO - === Application startup initiated ===
2026-03-23 03:52:04,871 - services.database - INFO - Ignore creating tables
2026-03-23 03:52:04,871 - services.mock_data - INFO - Ignore initialize data
2026-03-23 03:52:04,872 - services.auth - INFO - Ignore initialize admin
2026-03-23 03:52:04,872 - main - INFO - === Application startup completed successfully ===
2026-03-23 03:52:04,877 - core.config - DEBUG - Read dynamic attribute jwt_secret_key from environment variable JWT_SECRET_KEY
2026-03-23 03:52:04,877 - core.config - DEBUG - Read dynamic attribute jwt_algorithm from environment variable JWT_ALGORITHM
2026-03-23 03:52:04,887 - core.auth - DEBUG - Authentication token validated for user hash: a1f407af
2026-03-23 03:52:39,629 - dependencies.auth - DEBUG - Authentication required for request GET /api/v1/auth/me
2026-03-23 03:52:45,635 - core.auth - DEBUG - Authentication token validated for user hash: a1f407af
2026-03-23 03:53:16,171 - services.database - DEBUG - [DB_OP] Starting database close
2026-03-23 03:53:16,171 - services.database - INFO - Database connections closed
2026-03-23 03:53:16,171 - services.database - DEBUG - [DB_OP] Database close completed in 0.0005s
