2026-03-23 12:31:21,121 - main - INFO - === Logging system initialized ===
2026-03-23 12:31:21,121 - main - INFO - Log file: logs/app_20260323_123121.log
2026-03-23 12:31:21,121 - main - INFO - Log level: INFO
2026-03-23 12:31:21,121 - main - INFO - Timestamp: 20260323_123121
2026-03-23 12:31:21,763 - main - INFO - Included router: routers.aihub.router
2026-03-23 12:31:21,781 - main - INFO - Included router: routers.auth.router
2026-03-23 12:31:21,873 - main - INFO - Included router: routers.dossiers.router
2026-03-23 12:31:21,876 - main - INFO - Included router: routers.health.router
2026-03-23 12:31:21,913 - main - INFO - Included router: routers.payments.router
2026-03-23 12:31:21,929 - main - INFO - Included router: routers.prompt.router
2026-03-23 12:31:22,061 - main - INFO - Included router: routers.settings.router
2026-03-23 12:31:22,106 - main - INFO - Included router: routers.storage.router
2026-03-23 12:31:22,118 - main - INFO - Included router: routers.user.router
2026-03-23 12:31:22,120 - main - INFO - === Application startup initiated ===
2026-03-23 12:31:22,120 - services.database - INFO - Ignore creating tables
2026-03-23 12:31:22,120 - services.mock_data - INFO - Ignore initialize data
2026-03-23 12:31:22,121 - services.auth - INFO - Ignore initialize admin
2026-03-23 12:31:22,121 - main - INFO - === Application startup completed successfully ===
2026-03-23 12:31:44,867 - core.config - DEBUG - Read dynamic attribute jwt_secret_key from environment variable JWT_SECRET_KEY
2026-03-23 12:31:44,867 - core.config - DEBUG - Read dynamic attribute jwt_algorithm from environment variable JWT_ALGORITHM
2026-03-23 12:31:44,885 - core.auth - DEBUG - Authentication token validated for user hash: a1f407af
2026-03-23 12:31:51,102 - services.database - DEBUG - [DB_OP] Starting database close
2026-03-23 12:31:51,103 - services.database - INFO - Database connections closed
2026-03-23 12:31:51,103 - services.database - DEBUG - [DB_OP] Database close completed in 0.0012s
