2026-03-23 07:02:22,193 - main - INFO - === Logging system initialized ===
2026-03-23 07:02:22,193 - main - INFO - Log file: logs/app_20260323_070222.log
2026-03-23 07:02:22,193 - main - INFO - Log level: INFO
2026-03-23 07:02:22,194 - main - INFO - Timestamp: 20260323_070222
2026-03-23 07:02:22,842 - main - INFO - Included router: routers.aihub.router
2026-03-23 07:02:22,863 - main - INFO - Included router: routers.auth.router
2026-03-23 07:02:22,957 - main - INFO - Included router: routers.dossiers.router
2026-03-23 07:02:22,959 - main - INFO - Included router: routers.health.router
2026-03-23 07:02:22,986 - main - INFO - Included router: routers.payments.router
2026-03-23 07:02:22,996 - main - INFO - Included router: routers.prompt.router
2026-03-23 07:02:23,135 - main - INFO - Included router: routers.settings.router
2026-03-23 07:02:23,185 - main - INFO - Included router: routers.storage.router
2026-03-23 07:02:23,195 - main - INFO - Included router: routers.user.router
2026-03-23 07:02:23,196 - main - INFO - === Application startup initiated ===
2026-03-23 07:02:23,197 - services.database - INFO - Ignore creating tables
2026-03-23 07:02:23,197 - services.mock_data - INFO - Ignore initialize data
2026-03-23 07:02:23,197 - services.auth - INFO - Ignore initialize admin
2026-03-23 07:02:23,197 - main - INFO - === Application startup completed successfully ===
2026-03-23 07:02:38,538 - services.database - DEBUG - [DB_OP] Starting database close
2026-03-23 07:02:38,538 - services.database - INFO - Database connections closed
2026-03-23 07:02:38,539 - services.database - DEBUG - [DB_OP] Database close completed in 0.0005s
