2026-03-20 06:12:04,816 - main - INFO - === Logging system initialized ===
2026-03-20 06:12:04,817 - main - INFO - Log file: logs/app_20260320_061204.log
2026-03-20 06:12:04,817 - main - INFO - Log level: INFO
2026-03-20 06:12:04,817 - main - INFO - Timestamp: 20260320_061204
2026-03-20 06:12:05,545 - main - INFO - Included router: routers.aihub.router
2026-03-20 06:12:05,567 - main - INFO - Included router: routers.auth.router
2026-03-20 06:12:05,654 - main - INFO - Included router: routers.dossiers.router
2026-03-20 06:12:05,657 - main - INFO - Included router: routers.health.router
2026-03-20 06:12:05,702 - main - INFO - Included router: routers.payments.router
2026-03-20 06:12:05,715 - main - INFO - Included router: routers.prompt.router
2026-03-20 06:12:05,822 - main - INFO - Included router: routers.settings.router
2026-03-20 06:12:05,864 - main - INFO - Included router: routers.storage.router
2026-03-20 06:12:05,877 - main - INFO - Included router: routers.user.router
2026-03-20 06:12:05,879 - main - INFO - === Application startup initiated ===
2026-03-20 06:12:05,879 - services.database - INFO - Ignore creating tables
2026-03-20 06:12:05,879 - services.mock_data - INFO - Ignore initialize data
2026-03-20 06:12:05,879 - services.auth - INFO - Ignore initialize admin
2026-03-20 06:12:05,879 - main - INFO - === Application startup completed successfully ===
2026-03-20 06:12:05,981 - services.database - DEBUG - [DB_OP] Starting database close
2026-03-20 06:12:05,981 - services.database - INFO - Database connections closed
2026-03-20 06:12:05,981 - services.database - DEBUG - [DB_OP] Database close completed in 0.0004s
