2026-03-23 13:16:45,799 - main - INFO - === Logging system initialized ===
2026-03-23 13:16:45,800 - main - INFO - Log file: logs/app_20260323_131645.log
2026-03-23 13:16:45,800 - main - INFO - Log level: INFO
2026-03-23 13:16:45,800 - main - INFO - Timestamp: 20260323_131645
2026-03-23 13:16:46,686 - main - INFO - Included router: routers.aihub.router
2026-03-23 13:16:46,708 - main - INFO - Included router: routers.auth.router
2026-03-23 13:16:46,809 - main - INFO - Included router: routers.dossiers.router
2026-03-23 13:16:46,812 - main - INFO - Included router: routers.health.router
2026-03-23 13:16:46,853 - main - INFO - Included router: routers.payments.router
2026-03-23 13:16:46,871 - main - INFO - Included router: routers.prompt.router
2026-03-23 13:16:46,988 - main - INFO - Included router: routers.settings.router
2026-03-23 13:16:47,062 - main - INFO - Included router: routers.storage.router
2026-03-23 13:16:47,233 - main - INFO - Included router: routers.user.router
2026-03-23 13:16:47,235 - main - INFO - === Application startup initiated ===
2026-03-23 13:16:47,236 - services.database - INFO - Ignore creating tables
2026-03-23 13:16:47,236 - services.mock_data - INFO - Ignore initialize data
2026-03-23 13:16:47,237 - services.auth - INFO - Ignore initialize admin
2026-03-23 13:16:47,237 - main - INFO - === Application startup completed successfully ===
2026-03-23 13:16:51,207 - core.config - DEBUG - Read dynamic attribute jwt_secret_key from environment variable JWT_SECRET_KEY
2026-03-23 13:16:51,207 - core.config - DEBUG - Read dynamic attribute jwt_algorithm from environment variable JWT_ALGORITHM
2026-03-23 13:16:51,217 - core.auth - DEBUG - Authentication token validated for user hash: a1f407af
