2026-03-20 03:06:47,088 - main - INFO - === Logging system initialized ===
2026-03-20 03:06:47,088 - main - INFO - Log file: logs/app_20260320_030647.log
2026-03-20 03:06:47,088 - main - INFO - Log level: INFO
2026-03-20 03:06:47,089 - main - INFO - Timestamp: 20260320_030647
2026-03-20 03:06:47,898 - main - INFO - Included router: routers.aihub.router
2026-03-20 03:06:47,919 - main - INFO - Included router: routers.auth.router
2026-03-20 03:06:48,004 - main - INFO - Included router: routers.dossiers.router
2026-03-20 03:06:48,027 - main - INFO - Included router: routers.health.router
2026-03-20 03:06:48,171 - core.config - DEBUG - Read dynamic attribute stripe_secret_key from environment variable STRIPE_SECRET_KEY
2026-03-20 03:06:48,180 - main - INFO - Included router: routers.payments.router
2026-03-20 03:06:48,303 - main - INFO - Included router: routers.settings.router
2026-03-20 03:06:48,349 - main - INFO - Included router: routers.storage.router
2026-03-20 03:06:48,362 - main - INFO - Included router: routers.user.router
2026-03-20 03:06:48,363 - main - INFO - === Application startup initiated ===
2026-03-20 03:06:48,363 - services.database - INFO - Ignore creating tables
2026-03-20 03:06:48,363 - services.mock_data - INFO - Ignore initialize data
2026-03-20 03:06:48,363 - services.auth - INFO - Ignore initialize admin
2026-03-20 03:06:48,364 - main - INFO - === Application startup completed successfully ===
2026-03-20 03:07:10,935 - services.database - DEBUG - [DB_OP] Starting database close
2026-03-20 03:07:10,936 - services.database - INFO - Database connections closed
2026-03-20 03:07:10,937 - services.database - DEBUG - [DB_OP] Database close completed in 0.0011s
