2026-03-23 05:30:05,638 - main - INFO - === Logging system initialized ===
2026-03-23 05:30:05,638 - main - INFO - Log file: logs/app_20260323_053005.log
2026-03-23 05:30:05,638 - main - INFO - Log level: INFO
2026-03-23 05:30:05,638 - main - INFO - Timestamp: 20260323_053005
2026-03-23 05:30:06,359 - main - INFO - Included router: routers.aihub.router
2026-03-23 05:30:06,381 - main - INFO - Included router: routers.auth.router
2026-03-23 05:30:06,456 - main - INFO - Included router: routers.dossiers.router
2026-03-23 05:30:06,458 - main - INFO - Included router: routers.health.router
2026-03-23 05:30:06,485 - main - INFO - Included router: routers.payments.router
2026-03-23 05:30:06,496 - main - INFO - Included router: routers.prompt.router
2026-03-23 05:30:06,604 - main - INFO - Included router: routers.settings.router
2026-03-23 05:30:06,640 - main - INFO - Included router: routers.storage.router
2026-03-23 05:30:06,649 - main - INFO - Included router: routers.user.router
2026-03-23 05:30:06,650 - main - INFO - === Application startup initiated ===
2026-03-23 05:30:06,651 - services.database - INFO - Ignore creating tables
2026-03-23 05:30:06,651 - services.mock_data - INFO - Ignore initialize data
2026-03-23 05:30:06,651 - services.auth - INFO - Ignore initialize admin
2026-03-23 05:30:06,651 - main - INFO - === Application startup completed successfully ===
2026-03-23 05:30:10,033 - core.config - DEBUG - Read dynamic attribute jwt_secret_key from environment variable JWT_SECRET_KEY
2026-03-23 05:30:10,034 - core.config - DEBUG - Read dynamic attribute jwt_algorithm from environment variable JWT_ALGORITHM
2026-03-23 05:30:10,047 - core.auth - DEBUG - Authentication token validated for user hash: a1f407af
2026-03-23 05:30:23,392 - services.database - DEBUG - [DB_OP] Starting database close
2026-03-23 05:30:23,392 - services.database - INFO - Database connections closed
2026-03-23 05:30:23,392 - services.database - DEBUG - [DB_OP] Database close completed in 0.0004s
