2026-03-20 03:23:16,776 - main - INFO - === Logging system initialized ===
2026-03-20 03:23:16,776 - main - INFO - Log file: logs/app_20260320_032316.log
2026-03-20 03:23:16,776 - main - INFO - Log level: INFO
2026-03-20 03:23:16,777 - main - INFO - Timestamp: 20260320_032316
2026-03-20 03:23:17,738 - main - INFO - Included router: routers.aihub.router
2026-03-20 03:23:17,762 - main - INFO - Included router: routers.auth.router
2026-03-20 03:23:17,857 - main - INFO - Included router: routers.dossiers.router
2026-03-20 03:23:17,861 - main - INFO - Included router: routers.health.router
2026-03-20 03:23:17,886 - core.config - DEBUG - Read dynamic attribute stripe_secret_key from environment variable STRIPE_SECRET_KEY
2026-03-20 03:23:17,897 - main - INFO - Included router: routers.payments.router
2026-03-20 03:23:17,912 - main - INFO - Included router: routers.prompt.router
2026-03-20 03:23:18,011 - main - INFO - Included router: routers.settings.router
2026-03-20 03:23:18,072 - main - INFO - Included router: routers.storage.router
2026-03-20 03:23:18,082 - main - INFO - Included router: routers.user.router
2026-03-20 03:23:18,084 - main - INFO - === Application startup initiated ===
2026-03-20 03:23:18,084 - services.database - INFO - Ignore creating tables
2026-03-20 03:23:18,084 - services.mock_data - INFO - Ignore initialize data
2026-03-20 03:23:18,085 - services.auth - INFO - Ignore initialize admin
2026-03-20 03:23:18,085 - main - INFO - === Application startup completed successfully ===
2026-03-20 03:25:41,090 - dependencies.auth - DEBUG - Authentication required for request GET /api/v1/auth/me
2026-03-20 03:26:29,735 - dependencies.auth - DEBUG - Authentication required for request GET /api/v1/auth/me
2026-03-20 03:30:02,777 - services.database - DEBUG - [DB_OP] Starting database close
2026-03-20 03:30:02,778 - services.database - INFO - Database connections closed
2026-03-20 03:30:02,778 - services.database - DEBUG - [DB_OP] Database close completed in 0.0010s
