2026-03-23 03:52:00,490 - main - INFO - === Logging system initialized ===
2026-03-23 03:52:00,490 - main - INFO - Log file: logs/app_20260323_035200.log
2026-03-23 03:52:00,490 - main - INFO - Log level: INFO
2026-03-23 03:52:00,490 - main - INFO - Timestamp: 20260323_035200
2026-03-23 03:52:01,210 - main - INFO - Included router: routers.aihub.router
2026-03-23 03:52:01,233 - main - INFO - Included router: routers.auth.router
2026-03-23 03:52:01,319 - main - INFO - Included router: routers.dossiers.router
2026-03-23 03:52:01,321 - main - INFO - Included router: routers.health.router
2026-03-23 03:52:01,359 - main - INFO - Included router: routers.payments.router
2026-03-23 03:52:01,372 - main - INFO - Included router: routers.prompt.router
2026-03-23 03:52:01,512 - main - INFO - Included router: routers.settings.router
2026-03-23 03:52:01,553 - main - INFO - Included router: routers.storage.router
2026-03-23 03:52:01,572 - main - INFO - Included router: routers.user.router
2026-03-23 03:52:01,574 - main - INFO - === Application startup initiated ===
2026-03-23 03:52:01,574 - services.database - INFO - Ignore creating tables
2026-03-23 03:52:01,574 - services.mock_data - INFO - Ignore initialize data
2026-03-23 03:52:01,574 - services.auth - INFO - Ignore initialize admin
2026-03-23 03:52:01,574 - main - INFO - === Application startup completed successfully ===
2026-03-23 03:52:01,675 - services.database - DEBUG - [DB_OP] Starting database close
2026-03-23 03:52:01,675 - services.database - INFO - Database connections closed
2026-03-23 03:52:01,676 - services.database - DEBUG - [DB_OP] Database close completed in 0.0005s
