2026-03-23 06:29:50,717 - main - INFO - === Logging system initialized ===
2026-03-23 06:29:50,718 - main - INFO - Log file: logs/app_20260323_062950.log
2026-03-23 06:29:50,718 - main - INFO - Log level: INFO
2026-03-23 06:29:50,718 - main - INFO - Timestamp: 20260323_062950
2026-03-23 06:29:51,466 - main - INFO - Included router: routers.aihub.router
2026-03-23 06:29:51,485 - main - INFO - Included router: routers.auth.router
2026-03-23 06:29:51,562 - main - INFO - Included router: routers.dossiers.router
2026-03-23 06:29:51,564 - main - INFO - Included router: routers.health.router
2026-03-23 06:29:51,598 - main - INFO - Included router: routers.payments.router
2026-03-23 06:29:51,610 - main - INFO - Included router: routers.prompt.router
2026-03-23 06:29:51,717 - main - INFO - Included router: routers.settings.router
2026-03-23 06:29:51,757 - main - INFO - Included router: routers.storage.router
2026-03-23 06:29:51,769 - main - INFO - Included router: routers.user.router
2026-03-23 06:29:51,771 - main - INFO - === Application startup initiated ===
2026-03-23 06:29:51,771 - services.database - INFO - Ignore creating tables
2026-03-23 06:29:51,771 - services.mock_data - INFO - Ignore initialize data
2026-03-23 06:29:51,771 - services.auth - INFO - Ignore initialize admin
2026-03-23 06:29:51,771 - main - INFO - === Application startup completed successfully ===
2026-03-23 06:29:55,219 - core.config - DEBUG - Read dynamic attribute jwt_secret_key from environment variable JWT_SECRET_KEY
2026-03-23 06:29:55,219 - core.config - DEBUG - Read dynamic attribute jwt_algorithm from environment variable JWT_ALGORITHM
2026-03-23 06:29:55,233 - core.auth - DEBUG - Authentication token validated for user hash: a1f407af
2026-03-23 06:30:00,436 - core.auth - DEBUG - Authentication token validated for user hash: a1f407af
2026-03-23 06:30:03,378 - core.auth - DEBUG - Authentication token validated for user hash: a1f407af
2026-03-23 06:34:59,227 - core.auth - DEBUG - Authentication token validated for user hash: a1f407af
2026-03-23 06:37:47,815 - core.auth - DEBUG - Authentication token validated for user hash: a1f407af
2026-03-23 06:39:37,734 - core.auth - DEBUG - Authentication token validated for user hash: a1f407af
2026-03-23 06:41:01,374 - core.auth - DEBUG - Authentication token validated for user hash: a1f407af
2026-03-23 06:43:49,245 - dependencies.auth - DEBUG - Authentication required for request GET /api/v1/auth/me
2026-03-23 06:43:55,241 - core.auth - DEBUG - Authentication token validated for user hash: a1f407af
2026-03-23 06:44:28,373 - services.database - DEBUG - [DB_OP] Starting database close
2026-03-23 06:44:28,373 - services.database - INFO - Database connections closed
2026-03-23 06:44:28,373 - services.database - DEBUG - [DB_OP] Database close completed in 0.0004s
