2026-03-23 05:09:02,388 - main - INFO - === Logging system initialized ===
2026-03-23 05:09:02,389 - main - INFO - Log file: logs/app_20260323_050902.log
2026-03-23 05:09:02,389 - main - INFO - Log level: INFO
2026-03-23 05:09:02,389 - main - INFO - Timestamp: 20260323_050902
2026-03-23 05:09:03,236 - main - INFO - Included router: routers.aihub.router
2026-03-23 05:09:03,260 - main - INFO - Included router: routers.auth.router
2026-03-23 05:09:03,339 - main - INFO - Included router: routers.dossiers.router
2026-03-23 05:09:03,341 - main - INFO - Included router: routers.health.router
2026-03-23 05:09:03,373 - main - INFO - Included router: routers.payments.router
2026-03-23 05:09:03,383 - main - INFO - Included router: routers.prompt.router
2026-03-23 05:09:03,478 - main - INFO - Included router: routers.settings.router
2026-03-23 05:09:03,513 - main - INFO - Included router: routers.storage.router
2026-03-23 05:09:03,521 - main - INFO - Included router: routers.user.router
2026-03-23 05:09:03,523 - main - INFO - === Application startup initiated ===
2026-03-23 05:09:03,523 - services.database - INFO - Ignore creating tables
2026-03-23 05:09:03,523 - services.mock_data - INFO - Ignore initialize data
2026-03-23 05:09:03,523 - services.auth - INFO - Ignore initialize admin
2026-03-23 05:09:03,523 - main - INFO - === Application startup completed successfully ===
2026-03-23 05:09:18,324 - dependencies.auth - DEBUG - Authentication required for request GET /api/v1/auth/me
2026-03-23 05:09:40,721 - core.config - DEBUG - Read dynamic attribute jwt_secret_key from environment variable JWT_SECRET_KEY
2026-03-23 05:09:40,721 - core.config - DEBUG - Read dynamic attribute jwt_algorithm from environment variable JWT_ALGORITHM
2026-03-23 05:09:40,740 - core.auth - DEBUG - Authentication token validated for user hash: a1f407af
2026-03-23 05:09:58,065 - services.database - DEBUG - [DB_OP] Starting database close
2026-03-23 05:09:58,066 - services.database - INFO - Database connections closed
2026-03-23 05:09:58,066 - services.database - DEBUG - [DB_OP] Database close completed in 0.0008s
