2026-03-23 03:51:29,981 - main - INFO - === Logging system initialized ===
2026-03-23 03:51:29,981 - main - INFO - Log file: logs/app_20260323_035129.log
2026-03-23 03:51:29,982 - main - INFO - Log level: INFO
2026-03-23 03:51:29,982 - main - INFO - Timestamp: 20260323_035129
2026-03-23 03:51:30,645 - main - INFO - Included router: routers.aihub.router
2026-03-23 03:51:30,662 - main - INFO - Included router: routers.auth.router
2026-03-23 03:51:30,740 - main - INFO - Included router: routers.dossiers.router
2026-03-23 03:51:30,742 - main - INFO - Included router: routers.health.router
2026-03-23 03:51:30,768 - main - INFO - Included router: routers.payments.router
2026-03-23 03:51:30,777 - main - INFO - Included router: routers.prompt.router
2026-03-23 03:51:30,874 - main - INFO - Included router: routers.settings.router
2026-03-23 03:51:30,909 - main - INFO - Included router: routers.storage.router
2026-03-23 03:51:30,916 - main - INFO - Included router: routers.user.router
2026-03-23 03:51:30,917 - main - INFO - === Application startup initiated ===
2026-03-23 03:51:30,917 - services.database - INFO - Ignore creating tables
2026-03-23 03:51:30,917 - services.mock_data - INFO - Ignore initialize data
2026-03-23 03:51:30,918 - services.auth - INFO - Ignore initialize admin
2026-03-23 03:51:30,918 - main - INFO - === Application startup completed successfully ===
2026-03-23 03:51:46,421 - core.config - DEBUG - Read dynamic attribute jwt_secret_key from environment variable JWT_SECRET_KEY
2026-03-23 03:51:46,421 - core.config - DEBUG - Read dynamic attribute jwt_algorithm from environment variable JWT_ALGORITHM
2026-03-23 03:51:46,429 - core.auth - DEBUG - Authentication token validated for user hash: a1f407af
2026-03-23 03:51:49,323 - core.auth - DEBUG - Authentication token validated for user hash: a1f407af
2026-03-23 03:51:49,493 - core.auth - DEBUG - Authentication token validated for user hash: a1f407af
2026-03-23 03:51:59,112 - services.database - DEBUG - [DB_OP] Starting database close
2026-03-23 03:51:59,113 - services.database - INFO - Database connections closed
2026-03-23 03:51:59,113 - services.database - DEBUG - [DB_OP] Database close completed in 0.0014s
