2026-03-23 03:08:40,933 - main - INFO - === Logging system initialized ===
2026-03-23 03:08:40,934 - main - INFO - Log file: logs/app_20260323_030840.log
2026-03-23 03:08:40,934 - main - INFO - Log level: INFO
2026-03-23 03:08:40,934 - main - INFO - Timestamp: 20260323_030840
2026-03-23 03:08:41,504 - main - INFO - Included router: routers.aihub.router
2026-03-23 03:08:41,525 - main - INFO - Included router: routers.auth.router
2026-03-23 03:08:41,610 - main - INFO - Included router: routers.dossiers.router
2026-03-23 03:08:41,612 - main - INFO - Included router: routers.health.router
2026-03-23 03:08:41,633 - main - INFO - Included router: routers.payments.router
2026-03-23 03:08:41,642 - main - INFO - Included router: routers.prompt.router
2026-03-23 03:08:41,715 - main - INFO - Included router: routers.settings.router
2026-03-23 03:08:41,752 - main - INFO - Included router: routers.storage.router
2026-03-23 03:08:41,759 - main - INFO - Included router: routers.user.router
2026-03-23 03:08:41,760 - main - INFO - === Application startup initiated ===
2026-03-23 03:08:41,761 - services.database - INFO - Ignore creating tables
2026-03-23 03:08:41,761 - services.mock_data - INFO - Ignore initialize data
2026-03-23 03:08:41,761 - services.auth - INFO - Ignore initialize admin
2026-03-23 03:08:41,761 - main - INFO - === Application startup completed successfully ===
2026-03-23 03:08:45,694 - core.config - DEBUG - Read dynamic attribute jwt_secret_key from environment variable JWT_SECRET_KEY
2026-03-23 03:08:45,694 - core.config - DEBUG - Read dynamic attribute jwt_algorithm from environment variable JWT_ALGORITHM
2026-03-23 03:08:45,701 - core.auth - DEBUG - Authentication token validated for user hash: a1f407af
2026-03-23 03:08:56,437 - core.auth - DEBUG - Authentication token validated for user hash: a1f407af
2026-03-23 03:09:20,845 - core.auth - DEBUG - Authentication token validated for user hash: a1f407af
2026-03-23 03:09:21,015 - core.auth - DEBUG - Authentication token validated for user hash: a1f407af
2026-03-23 03:10:53,352 - core.auth - DEBUG - Authentication token validated for user hash: a1f407af
2026-03-23 03:10:53,353 - core.config - DEBUG - Read dynamic attribute oss_service_url from environment variable OSS_SERVICE_URL
2026-03-23 03:10:53,353 - core.config - DEBUG - Read dynamic attribute oss_api_key from environment variable OSS_API_KEY
2026-03-23 03:10:54,399 - httpcore.connection - DEBUG - connect_tcp.started host='atoms.dev' port=443 local_address=None timeout=120.0 socket_options=None
2026-03-23 03:10:54,407 - httpcore.connection - DEBUG - connect_tcp.complete return_value=<httpcore._backends.anyio.AnyIOStream object at 0x7f7a2d46c370>
2026-03-23 03:10:54,407 - httpcore.connection - DEBUG - start_tls.started ssl_context=<ssl.SSLContext object at 0x7f7a2d3a2840> server_hostname='atoms.dev' timeout=120.0
2026-03-23 03:10:54,414 - httpcore.connection - DEBUG - start_tls.complete return_value=<httpcore._backends.anyio.AnyIOStream object at 0x7f7a2dced330>
2026-03-23 03:10:54,415 - httpcore.http11 - DEBUG - send_request_headers.started request=<Request [b'POST']>
2026-03-23 03:10:54,415 - httpcore.http11 - DEBUG - send_request_headers.complete
2026-03-23 03:10:54,416 - httpcore.http11 - DEBUG - send_request_body.started request=<Request [b'POST']>
2026-03-23 03:10:54,416 - httpcore.http11 - DEBUG - send_request_body.complete
2026-03-23 03:10:54,416 - httpcore.http11 - DEBUG - receive_response_headers.started request=<Request [b'POST']>
2026-03-23 03:10:54,445 - httpcore.http11 - DEBUG - receive_response_headers.complete return_value=(b'HTTP/1.1', 200, b'OK', [(b'Date', b'Mon, 23 Mar 2026 10:10:54 GMT'), (b'Content-Type', b'application/json; charset=utf-8'), (b'Transfer-Encoding', b'chunked'), (b'Connection', b'keep-alive'), (b'Access-Control-Allow-Headers', b'Origin, Content-Type, Accept, Authorization'), (b'Access-Control-Allow-Methods', b'GET, POST, PUT, DELETE, OPTIONS'), (b'Access-Control-Allow-Origin', b'*'), (b'Access-Control-Max-Age', b'86400'), (b'X-Request-Id', b'453abdcfc5573c5e3a27c48f01236056'), (b'X-Trace-Id', b'0a52d5ac0cb343adb5cfb1a80bf9de3f'), (b'Content-Security-Policy', b"frame-ancestors 'self' https://atoms.dev"), (b'Strict-Transport-Security', b'max-age=63072000; includeSubDomains; preload'), (b'X-Content-Type-Options', b'nosniff'), (b'X-XSS-Protection', b'1; mode=block'), (b'Referrer-Policy', b'strict-origin-when-cross-origin'), (b'cf-cache-status', b'DYNAMIC'), (b'Content-Encoding', b'gzip'), (b'Server', b'cloudflare'), (b'CF-RAY', b'9e0ca6221958f3e5-LAX')])
2026-03-23 03:10:54,447 - httpx - INFO - HTTP Request: POST https://atoms.dev/api/v1/infra/client/oss/buckets/architect-files/objects/upload_url "HTTP/1.1 200 OK"
2026-03-23 03:10:54,447 - httpcore.http11 - DEBUG - receive_response_body.started request=<Request [b'POST']>
2026-03-23 03:10:54,448 - httpcore.http11 - DEBUG - receive_response_body.complete
2026-03-23 03:10:54,448 - httpcore.http11 - DEBUG - response_closed.started
2026-03-23 03:10:54,449 - httpcore.http11 - DEBUG - response_closed.complete
2026-03-23 03:10:54,450 - httpcore.connection - DEBUG - close.started
2026-03-23 03:10:54,450 - httpcore.connection - DEBUG - close.complete
2026-03-23 03:10:55,964 - core.auth - DEBUG - Authentication token validated for user hash: a1f407af
2026-03-23 03:10:55,965 - core.database - DEBUG - [DB_OP] Starting get_db session creation
2026-03-23 03:10:55,965 - core.database - WARNING - Database session maker not available, attempting lazy initialization...
2026-03-23 03:10:55,965 - core.database - WARNING - Database not initialized, attempting lazy initialization...
2026-03-23 03:10:55,965 - core.database - INFO - Starting database initialization...
2026-03-23 03:10:55,965 - core.config - DEBUG - Read dynamic attribute database_url from environment variable DATABASE_URL
2026-03-23 03:10:55,965 - core.database - INFO - Normalizing database URL for async compatibility...
2026-03-23 03:10:55,966 - core.database - INFO - Creating async database engine...
2026-03-23 03:10:55,966 - core.database - INFO - Using QueuePool with connection pooling for non-Lambda environment
2026-03-23 03:10:56,040 - core.database - INFO - Database engine created successfully
2026-03-23 03:10:56,041 - core.database - INFO - Creating async session maker...
2026-03-23 03:10:56,041 - core.database - INFO - Async session maker created successfully
2026-03-23 03:10:56,041 - core.database - INFO - Database connection initialized successfully
2026-03-23 03:10:56,041 - core.database - DEBUG - [DB_OP] Starting create_tables
2026-03-23 03:10:56,041 - core.database - INFO - 🔧 Starting table creation...
2026-03-23 03:10:57,340 - core.database - INFO - Tables initialized successfully
2026-03-23 03:10:57,341 - core.database - DEBUG - [DB_OP] Create tables completed in 1.3004s
2026-03-23 03:10:57,403 - core.database - INFO - Lazy database initialization completed successfully
2026-03-23 03:10:57,404 - core.database - DEBUG - [DB_OP] Database session created successfully in 1.4399s
2026-03-23 03:10:57,405 - routers.dossiers - DEBUG - Creating new dossiers with data: project_name='Philippe' applicant_name='Debor' email='philippedebor@gmail.com' commune='durbuy' postal_code='' cadastral_section='' parcel='' land_area='' land_status='proprietaire' environment='rural' topography='plat' vegetation='' access='' destination='' project_type='architecte' lodge_model='' unit_count='' finish_level='' architect_description='' file_key='' layout_disposition='lineaire' unit_distance='' vegetation_preservation='' parking='' road_access='' connections='' project_objective='' integration_level='' environmental_commitment='' maximize_acceptance=False generated_prompt=None payment_status='pending' stripe_session_id=None status='draft' created_at=datetime.datetime(2026, 3, 23, 10, 10, 55, 824000, tzinfo=TzInfo(UTC))
2026-03-23 03:10:58,278 - services.dossiers - INFO - Created dossiers with id: 6
2026-03-23 03:10:58,279 - routers.dossiers - INFO - Dossiers created successfully with id: 6
2026-03-23 03:10:58,280 - core.database - DEBUG - [DB_OP] Database session cleanup after 2.3151s
2026-03-23 03:10:58,481 - core.auth - DEBUG - Authentication token validated for user hash: a1f407af
2026-03-23 03:10:58,481 - core.database - DEBUG - [DB_OP] Starting get_db session creation
2026-03-23 03:10:58,482 - core.database - DEBUG - [DB_OP] Database session created successfully in 0.0005s
2026-03-23 03:10:59,345 - stripe - INFO - message='Request to Stripe api' method=post url=https://api.stripe.com/v1/checkout/sessions
2026-03-23 03:10:59,345 - stripe - DEBUG - api_version=2026-02-25.clover message='Post details' post_data=payment_method_types[0]=card&line_items[0][price_data][currency]=eur&line_items[0][price_data][product_data][name]=Dossier+d%27avis+pr%C3%A9alable+urbanistique&line_items[0][price_data][product_data][description]=G%C3%A9n%C3%A9ration+du+prompt+optimis%C3%A9+pour+le+projet+%3A+Philippe&line_items[0][price_data][unit_amount]=4900&line_items[0][quantity]=1&mode=payment&success_url=https%3A%2F%2Fvyx5ed-05bfc482d7044d2999d45fad9e991550-preview.app.atoms.dev%2Fpayment-success%3Fsession_id%3D%7BCHECKOUT_SESSION_ID%7D&cancel_url=https%3A%2F%2Fvyx5ed-05bfc482d7044d2999d45fad9e991550-preview.app.atoms.dev%2Fquestionnaire&metadata[dossier_id]=6&metadata[user_id]=975844
2026-03-23 03:10:59,347 - urllib3.connectionpool - DEBUG - Starting new HTTPS connection (1): api.stripe.com:443
2026-03-23 03:10:59,720 - urllib3.connectionpool - DEBUG - https://api.stripe.com:443 "POST /v1/checkout/sessions HTTP/1.1" 200 3219
2026-03-23 03:10:59,721 - stripe - INFO - message='Stripe API response' path=https://api.stripe.com/v1/checkout/sessions response_code=200
2026-03-23 03:10:59,721 - stripe - DEBUG - body='{\n  "id": "cs_live_a1LOE1zOF622kECATAcCUJB6hS8kb2rmMDJncHthYkcLivVoSTGZ8mcFNZ",\n  "object": "checkout.session",\n  "adaptive_pricing": {\n    "enabled": true\n  },\n  "after_expiration": null,\n  "allow_promotion_codes": null,\n  "amount_subtotal": 4900,\n  "amount_total": 4900,\n  "automatic_tax": {\n    "enabled": false,\n    "liability": null,\n    "provider": null,\n    "status": null\n  },\n  "billing_address_collection": null,\n  "branding_settings": {\n    "background_color": "#ffffff",\n    "border_style": "rounded",\n    "button_color": "#0074d4",\n    "display_name": "Tree Milstones",\n    "font_family": "default",\n    "icon": null,\n    "logo": null\n  },\n  "cancel_url": "https://vyx5ed-05bfc482d7044d2999d45fad9e991550-preview.app.atoms.dev/questionnaire",\n  "client_reference_id": null,\n  "client_secret": null,\n  "collected_information": null,\n  "consent": null,\n  "consent_collection": null,\n  "created": 1774260659,\n  "currency": "eur",\n  "currency_conversion": null,\n  "custom_fields": [],\n  "custom_text": {\n    "after_submit": null,\n    "shipping_address": null,\n    "submit": null,\n    "terms_of_service_acceptance": null\n  },\n  "customer": null,\n  "customer_account": null,\n  "customer_creation": "if_required",\n  "customer_details": null,\n  "customer_email": null,\n  "discounts": [],\n  "expires_at": 1774347059,\n  "integration_identifier": null,\n  "invoice": null,\n  "invoice_creation": {\n    "enabled": false,\n    "invoice_data": {\n      "account_tax_ids": null,\n      "custom_fields": null,\n      "description": null,\n      "footer": null,\n      "issuer": null,\n      "metadata": {},\n      "rendering_options": null\n    }\n  },\n  "livemode": true,\n  "locale": null,\n  "metadata": {\n    "dossier_id": "6",\n    "user_id": "975844"\n  },\n  "mode": "payment",\n  "origin_context": null,\n  "payment_intent": null,\n  "payment_link": null,\n  "payment_method_collection": "if_required",\n  "payment_method_configuration_details": null,\n  "payment_method_options": {\n    "card": {\n      "request_three_d_secure": "automatic"\n    }\n  },\n  "payment_method_types": [\n    "card"\n  ],\n  "payment_status": "unpaid",\n  "permissions": null,\n  "phone_number_collection": {\n    "enabled": false\n  },\n  "recovered_from": null,\n  "saved_payment_method_options": null,\n  "setup_intent": null,\n  "shipping_address_collection": null,\n  "shipping_cost": null,\n  "shipping_options": [],\n  "status": "open",\n  "submit_type": null,\n  "subscription": null,\n  "success_url": "https://vyx5ed-05bfc482d7044d2999d45fad9e991550-preview.app.atoms.dev/payment-success?session_id={CHECKOUT_SESSION_ID}",\n  "total_details": {\n    "amount_discount": 0,\n    "amount_shipping": 0,\n    "amount_tax": 0\n  },\n  "ui_mode": "hosted",\n  "url": "https://checkout.stripe.com/c/pay/cs_live_a1LOE1zOF622kECATAcCUJB6hS8kb2rmMDJncHthYkcLivVoSTGZ8mcFNZ#fidnandhYHdWcXxpYCc%2FJ2FgY2RwaXEnKSd2cXdsdWBEZmZqcGtxJz8nZGZmcVo0UTdTTE9VVjNsdX1tZ11BJyknZHVsTmB8Jz8ndW5aaWxzYFowNFRDMDZmREJTXzFkTW1vcTJmfDQxZDI0QXdtdUlcQDcwQzQ8Sl88U2tUR1J3Q0FPRkBqZGEwMFViQ01sTnxIcFJ8VEcxPEk1MzxSdmQ0Xz1oS39qZl1ocjU1V0p2SFF1XDQnKSdjd2poVmB3c2B3Jz9xd3BgKSdnZGZuYndqcGthRmppancnPycmY2NjY2NjJyknaWR8anBxUXx1YCc%2FJ3Zsa2JpYFpscWBoJyknYGtkZ2lgVWlkZmBtamlhYHd2Jz9xd3BgeCUl",\n  "wallet_options": null\n}' message='API response body'
2026-03-23 03:10:59,723 - stripe - DEBUG - link=https://dashboard.stripe.com/live/logs/req_O7ImpAB6FPe7Mb message='Dashboard link for request'
2026-03-23 03:11:00,292 - services.dossiers - INFO - Updated dossiers 6
2026-03-23 03:11:00,293 - core.database - DEBUG - [DB_OP] Database session cleanup after 1.8118s
2026-03-23 03:11:08,974 - core.auth - DEBUG - Authentication token validated for user hash: a1f407af
2026-03-23 03:16:50,961 - core.auth - DEBUG - Authentication token validated for user hash: a1f407af
2026-03-23 03:21:53,928 - services.database - DEBUG - [DB_OP] Starting database close
2026-03-23 03:21:53,930 - core.database - INFO - Database connection closed and engine disposed
2026-03-23 03:21:53,930 - services.database - INFO - Database connections closed
2026-03-23 03:21:53,930 - services.database - DEBUG - [DB_OP] Database close completed in 0.0018s
