2026-03-20 06:17:00,677 - main - INFO - === Logging system initialized ===
2026-03-20 06:17:00,678 - main - INFO - Log file: logs/app_20260320_061700.log
2026-03-20 06:17:00,678 - main - INFO - Log level: INFO
2026-03-20 06:17:00,678 - main - INFO - Timestamp: 20260320_061700
2026-03-20 06:17:01,392 - main - INFO - Included router: routers.aihub.router
2026-03-20 06:17:01,422 - main - INFO - Included router: routers.auth.router
2026-03-20 06:17:01,523 - main - INFO - Included router: routers.dossiers.router
2026-03-20 06:17:01,529 - main - INFO - Included router: routers.health.router
2026-03-20 06:17:01,568 - main - INFO - Included router: routers.payments.router
2026-03-20 06:17:01,578 - main - INFO - Included router: routers.prompt.router
2026-03-20 06:17:01,685 - main - INFO - Included router: routers.settings.router
2026-03-20 06:17:01,724 - main - INFO - Included router: routers.storage.router
2026-03-20 06:17:01,735 - main - INFO - Included router: routers.user.router
2026-03-20 06:17:01,736 - main - INFO - === Application startup initiated ===
2026-03-20 06:17:01,736 - services.database - INFO - Ignore creating tables
2026-03-20 06:17:01,737 - services.mock_data - INFO - Ignore initialize data
2026-03-20 06:17:01,737 - services.auth - INFO - Ignore initialize admin
2026-03-20 06:17:01,737 - main - INFO - === Application startup completed successfully ===
2026-03-20 06:17:15,406 - dependencies.auth - DEBUG - Authentication required for request GET /api/v1/auth/me
2026-03-20 06:17:51,770 - services.database - DEBUG - [DB_OP] Starting database close
2026-03-20 06:17:51,770 - services.database - INFO - Database connections closed
2026-03-20 06:17:51,770 - services.database - DEBUG - [DB_OP] Database close completed in 0.0004s
