2026-03-23 13:05:34,158 - main - INFO - === Logging system initialized ===
2026-03-23 13:05:34,158 - main - INFO - Log file: logs/app_20260323_130534.log
2026-03-23 13:05:34,158 - main - INFO - Log level: INFO
2026-03-23 13:05:34,158 - main - INFO - Timestamp: 20260323_130534
2026-03-23 13:05:35,142 - main - INFO - Included router: routers.aihub.router
2026-03-23 13:05:35,167 - main - INFO - Included router: routers.auth.router
2026-03-23 13:05:35,294 - main - INFO - Included router: routers.dossiers.router
2026-03-23 13:05:35,301 - main - INFO - Included router: routers.health.router
2026-03-23 13:05:35,384 - main - INFO - Included router: routers.payments.router
2026-03-23 13:05:35,472 - main - INFO - Included router: routers.prompt.router
2026-03-23 13:05:35,770 - main - INFO - Included router: routers.settings.router
2026-03-23 13:05:35,858 - main - INFO - Included router: routers.storage.router
2026-03-23 13:05:35,868 - main - INFO - Included router: routers.user.router
2026-03-23 13:05:35,870 - main - INFO - === Application startup initiated ===
2026-03-23 13:05:35,870 - services.database - INFO - Ignore creating tables
2026-03-23 13:05:35,870 - services.mock_data - INFO - Ignore initialize data
2026-03-23 13:05:35,870 - services.auth - INFO - Ignore initialize admin
2026-03-23 13:05:35,870 - main - INFO - === Application startup completed successfully ===
2026-03-23 13:05:52,557 - dependencies.auth - DEBUG - Authentication required for request GET /api/v1/auth/me
2026-03-23 13:05:54,375 - core.config - DEBUG - Read dynamic attribute jwt_secret_key from environment variable JWT_SECRET_KEY
2026-03-23 13:05:54,375 - core.config - DEBUG - Read dynamic attribute jwt_algorithm from environment variable JWT_ALGORITHM
2026-03-23 13:05:54,388 - core.auth - DEBUG - Authentication token validated for user hash: a1f407af
2026-03-23 13:06:30,790 - dependencies.auth - DEBUG - Authentication required for request GET /api/v1/auth/me
2026-03-23 13:06:32,887 - core.auth - DEBUG - Authentication token validated for user hash: a1f407af
2026-03-23 13:07:38,186 - core.auth - DEBUG - Authentication token validated for user hash: a1f407af
2026-03-23 13:07:49,831 - core.auth - DEBUG - Authentication token validated for user hash: a1f407af
2026-03-23 13:08:02,051 - dependencies.auth - DEBUG - Authentication required for request GET /api/v1/auth/me
2026-03-23 13:08:03,806 - core.auth - DEBUG - Authentication token validated for user hash: a1f407af
2026-03-23 13:08:26,667 - core.auth - DEBUG - Authentication token validated for user hash: a1f407af
2026-03-23 13:08:39,707 - dependencies.auth - DEBUG - Authentication required for request GET /api/v1/auth/me
2026-03-23 13:08:43,182 - core.auth - DEBUG - Authentication token validated for user hash: a1f407af
2026-03-23 13:10:14,908 - services.database - DEBUG - [DB_OP] Starting database close
2026-03-23 13:10:14,909 - services.database - INFO - Database connections closed
2026-03-23 13:10:14,909 - services.database - DEBUG - [DB_OP] Database close completed in 0.0007s
